AutoDock Vina v1.2.3
#################################################################
# If you used AutoDock Vina in your work, please cite:          #
#                                                               #
# J. Eberhardt, D. Santos-Martins, A. F. Tillack, and S. Forli  #
# AutoDock Vina 1.2.0: New Docking Methods, Expanded Force      #
# Field, and Python Bindings, J. Chem. Inf. Model. (2021)       #
# DOI 10.1021/acs.jcim.1c00203                                  #
#                                                               #
# O. Trott, A. J. Olson,                                        #
# AutoDock Vina: improving the speed and accuracy of docking    #
# with a new scoring function, efficient optimization and       #
# multithreading, J. Comp. Chem. (2010)                         #
# DOI 10.1002/jcc.21334                                         #
#                                                               #
# Please see https://github.com/ccsb-scripps/AutoDock-Vina for  #
# more information.                                             #
#################################################################

Scoring function : ad4
Ligand: /home/scip/dmitriy.pustoshilov/home/dpustoshilov/test/work/3231lig.pdbqt
Exhaustiveness: 8
CPU: 8
Verbosity: 1

Reading AD4.2 maps ... done.
Performing docking (random seed: -1852872937) ... 
0%   10   20   30   40   50   60   70   80   90   100%
|----|----|----|----|----|----|----|----|----|----|
***************************************************

mode |   affinity | dist from best mode
     | (kcal/mol) | rmsd l.b.| rmsd u.b.
-----+------------+----------+----------
   1        40.19          0          0
   2        46.87      3.636      6.482
   3        47.45      1.558      1.778
   4         48.4      2.187      4.095
   5        51.18      2.686       6.92
   6        52.36      2.609      6.456
   7        52.39      1.966       2.72
   8        53.46       2.13      3.804
   9        55.09      2.739      6.908
