AutoDock Vina v1.2.3
#################################################################
# If you used AutoDock Vina in your work, please cite:          #
#                                                               #
# J. Eberhardt, D. Santos-Martins, A. F. Tillack, and S. Forli  #
# AutoDock Vina 1.2.0: New Docking Methods, Expanded Force      #
# Field, and Python Bindings, J. Chem. Inf. Model. (2021)       #
# DOI 10.1021/acs.jcim.1c00203                                  #
#                                                               #
# O. Trott, A. J. Olson,                                        #
# AutoDock Vina: improving the speed and accuracy of docking    #
# with a new scoring function, efficient optimization and       #
# multithreading, J. Comp. Chem. (2010)                         #
# DOI 10.1002/jcc.21334                                         #
#                                                               #
# Please see https://github.com/ccsb-scripps/AutoDock-Vina for  #
# more information.                                             #
#################################################################

Scoring function : ad4
Ligand: /home/scip/dmitriy.pustoshilov/home/dpustoshilov/test/work/3241lig.pdbqt
Exhaustiveness: 8
CPU: 8
Verbosity: 1

Reading AD4.2 maps ... done.
Performing docking (random seed: 761163727) ... 
0%   10   20   30   40   50   60   70   80   90   100%
|----|----|----|----|----|----|----|----|----|----|
***************************************************

mode |   affinity | dist from best mode
     | (kcal/mol) | rmsd l.b.| rmsd u.b.
-----+------------+----------+----------
   1       -8.282          0          0
   2        -8.27      1.447      3.742
   3       -7.916      1.204      2.018
   4       -7.798        1.5      2.051
   5       -7.771      2.092      2.473
   6       -7.498      1.854      3.067
   7       -7.015       2.82      4.436
   8        -6.97      2.254      2.906
   9       -6.838      1.634      2.805
