AutoDock Vina v1.2.3
#################################################################
# If you used AutoDock Vina in your work, please cite:          #
#                                                               #
# J. Eberhardt, D. Santos-Martins, A. F. Tillack, and S. Forli  #
# AutoDock Vina 1.2.0: New Docking Methods, Expanded Force      #
# Field, and Python Bindings, J. Chem. Inf. Model. (2021)       #
# DOI 10.1021/acs.jcim.1c00203                                  #
#                                                               #
# O. Trott, A. J. Olson,                                        #
# AutoDock Vina: improving the speed and accuracy of docking    #
# with a new scoring function, efficient optimization and       #
# multithreading, J. Comp. Chem. (2010)                         #
# DOI 10.1002/jcc.21334                                         #
#                                                               #
# Please see https://github.com/ccsb-scripps/AutoDock-Vina for  #
# more information.                                             #
#################################################################

Scoring function : ad4
Ligand: /home/scip/dmitriy.pustoshilov/home/dpustoshilov/test/work/3226lig.pdbqt
Exhaustiveness: 8
CPU: 8
Verbosity: 1

Reading AD4.2 maps ... done.
Performing docking (random seed: 1653684531) ... 
0%   10   20   30   40   50   60   70   80   90   100%
|----|----|----|----|----|----|----|----|----|----|
***************************************************

mode |   affinity | dist from best mode
     | (kcal/mol) | rmsd l.b.| rmsd u.b.
-----+------------+----------+----------
   1        138.3          0          0
   2        194.8      11.33      14.21
   3        204.3      1.458      5.317
   4        271.6      1.978      5.864
   5        274.5      7.708      9.422
   6        274.7      2.948      6.035
   7        275.6      1.856      5.759
   8        323.3      2.565      4.598
   9        346.6       1.75      2.754
