AutoDock Vina v1.2.3
#################################################################
# If you used AutoDock Vina in your work, please cite:          #
#                                                               #
# J. Eberhardt, D. Santos-Martins, A. F. Tillack, and S. Forli  #
# AutoDock Vina 1.2.0: New Docking Methods, Expanded Force      #
# Field, and Python Bindings, J. Chem. Inf. Model. (2021)       #
# DOI 10.1021/acs.jcim.1c00203                                  #
#                                                               #
# O. Trott, A. J. Olson,                                        #
# AutoDock Vina: improving the speed and accuracy of docking    #
# with a new scoring function, efficient optimization and       #
# multithreading, J. Comp. Chem. (2010)                         #
# DOI 10.1002/jcc.21334                                         #
#                                                               #
# Please see https://github.com/ccsb-scripps/AutoDock-Vina for  #
# more information.                                             #
#################################################################

Scoring function : ad4
Ligand: /home/scip/dmitriy.pustoshilov/home/dpustoshilov/test/work/3235lig.pdbqt
Exhaustiveness: 8
CPU: 8
Verbosity: 1

Reading AD4.2 maps ... done.
Performing docking (random seed: 909830647) ... 
0%   10   20   30   40   50   60   70   80   90   100%
|----|----|----|----|----|----|----|----|----|----|
***************************************************

mode |   affinity | dist from best mode
     | (kcal/mol) | rmsd l.b.| rmsd u.b.
-----+------------+----------+----------
   1        4.843          0          0
   2         7.65      3.729      4.745
   3        7.754      2.864      3.141
   4        8.152      1.265      1.866
   5        9.997      2.791      3.541
   6        10.64      4.332       5.48
   7        10.76      4.043      5.434
   8        10.89      1.864      2.159
   9        12.48       4.22      4.814
