AutoDock Vina v1.2.3
#################################################################
# If you used AutoDock Vina in your work, please cite:          #
#                                                               #
# J. Eberhardt, D. Santos-Martins, A. F. Tillack, and S. Forli  #
# AutoDock Vina 1.2.0: New Docking Methods, Expanded Force      #
# Field, and Python Bindings, J. Chem. Inf. Model. (2021)       #
# DOI 10.1021/acs.jcim.1c00203                                  #
#                                                               #
# O. Trott, A. J. Olson,                                        #
# AutoDock Vina: improving the speed and accuracy of docking    #
# with a new scoring function, efficient optimization and       #
# multithreading, J. Comp. Chem. (2010)                         #
# DOI 10.1002/jcc.21334                                         #
#                                                               #
# Please see https://github.com/ccsb-scripps/AutoDock-Vina for  #
# more information.                                             #
#################################################################

Scoring function : ad4
Ligand: /home/scip/dmitriy.pustoshilov/home/dpustoshilov/test/work/3246lig.pdbqt
Exhaustiveness: 8
CPU: 8
Verbosity: 1

Reading AD4.2 maps ... done.
Performing docking (random seed: 69564053) ... 
0%   10   20   30   40   50   60   70   80   90   100%
|----|----|----|----|----|----|----|----|----|----|
***************************************************

mode |   affinity | dist from best mode
     | (kcal/mol) | rmsd l.b.| rmsd u.b.
-----+------------+----------+----------
   1       -8.081          0          0
   2       -7.965       1.16      2.562
   3       -7.794      1.528      2.367
   4       -7.592      3.372      6.568
   5       -7.588      2.513      5.881
   6       -7.549      2.957      6.192
   7       -7.449      2.258      5.881
   8       -7.067      4.557      6.891
   9       -6.816      2.586      5.341
